<?xml version="1.0" encoding="utf-8"?><testsuites name="pytest tests"><testsuite name="pytest" errors="0" failures="0" skipped="0" tests="25" time="16.525" timestamp="2026-05-30T20:46:48.518699+00:00" hostname="agent-env-9a160a4d-28d7-41c2-9016-6e54ad1b9115"><testcase classname="backend.tests.backend_test.TestAuth" name="test_admin_login_success" time="0.901" /><testcase classname="backend.tests.backend_test.TestAuth" name="test_admin_login_wrong_password" time="0.770" /><testcase classname="backend.tests.backend_test.TestAuth" name="test_register_viewer" time="0.754" /><testcase classname="backend.tests.backend_test.TestAuth" name="test_register_duplicate_email" time="0.257" /><testcase classname="backend.tests.backend_test.TestAuth" name="test_register_short_password" time="0.247" /><testcase classname="backend.tests.backend_test.TestAuth" name="test_me_admin" time="0.194" /><testcase classname="backend.tests.backend_test.TestAuth" name="test_me_viewer" time="0.241" /><testcase classname="backend.tests.backend_test.TestAuth" name="test_me_no_token" time="0.221" /><testcase classname="backend.tests.backend_test.TestReadsBothRoles" name="test_read_endpoints[admin]" time="0.895" /><testcase classname="backend.tests.backend_test.TestReadsBothRoles" name="test_read_endpoints[viewer]" time="0.915" /><testcase classname="backend.tests.backend_test.TestWriteRBAC" name="test_viewer_cannot_post_record" time="0.206" /><testcase classname="backend.tests.backend_test.TestWriteRBAC" name="test_viewer_cannot_seed" time="0.172" /><testcase classname="backend.tests.backend_test.TestWriteRBAC" name="test_viewer_cannot_extract" time="0.212" /><testcase classname="backend.tests.backend_test.TestWriteRBAC" name="test_viewer_cannot_list_users" time="0.191" /><testcase classname="backend.tests.backend_test.TestSeed" name="test_seed_idempotent" time="0.218" /><testcase classname="backend.tests.backend_test.TestSeed" name="test_seed_second_call" time="0.235" /><testcase classname="backend.tests.backend_test.TestRecordsCRUD" name="test_admin_crud_flow" time="1.089" /><testcase classname="backend.tests.backend_test.TestStatsFilters" name="test_stats" time="0.170" /><testcase classname="backend.tests.backend_test.TestStatsFilters" name="test_filters" time="0.175" /><testcase classname="backend.tests.backend_test.TestSearchEmbroidery" name="test_embroidery_record" time="0.229" /><testcase classname="backend.tests.backend_test.TestAdminUserMgmt" name="test_list_users_returns_required_fields" time="0.199" /><testcase classname="backend.tests.backend_test.TestAdminUserMgmt" name="test_admin_cannot_ban_another_admin" time="0.386" /><testcase classname="backend.tests.backend_test.TestAdminUserMgmt" name="test_admin_cannot_delete_admin" time="0.393" /><testcase classname="backend.tests.backend_test.TestAdminUserMgmt" name="test_ban_unban_flow" time="3.181" /><testcase classname="backend.tests.backend_test.TestExtract" name="test_admin_extract" time="3.757" /></testsuite></testsuites>