<?xml version="1.0" encoding="utf-8"?><testsuites name="pytest tests"><testsuite name="pytest" errors="0" failures="0" skipped="0" tests="11" time="7.910" timestamp="2026-04-23T19:58:13.084947+00:00" hostname="agent-env-9a160a4d-28d7-41c2-9016-6e54ad1b9115"><testcase classname="backend.tests.backend_test" name="test_login_wrong_password" time="0.388" /><testcase classname="backend.tests.backend_test" name="test_protected_no_token" time="0.974" /><testcase classname="backend.tests.backend_test" name="test_seed" time="0.435" /><testcase classname="backend.tests.backend_test" name="test_seed_idempotent" time="0.168" /><testcase classname="backend.tests.backend_test" name="test_stats" time="0.152" /><testcase classname="backend.tests.backend_test" name="test_search_shirts" time="0.190" /><testcase classname="backend.tests.backend_test" name="test_list_records" time="0.236" /><testcase classname="backend.tests.backend_test" name="test_list_records_filters" time="0.478" /><testcase classname="backend.tests.backend_test" name="test_records_crud" time="0.986" /><testcase classname="backend.tests.backend_test" name="test_filters" time="0.206" /><testcase classname="backend.tests.backend_test" name="test_extract_image" time="3.177" /></testsuite></testsuites>